<?xml version="1.0" encoding="utf-8"?>
<coverage line-rate="0.9588" branch-rate="0.9095" version="1.9" timestamp="1780340726" lines-covered="2096" lines-valid="2186" branches-covered="171" branches-valid="188">
  <sources>
    <source>/home/samu/code/umbral-hu-11/backend/services/mission-design-service/src/</source>
  </sources>
  <packages>
    <package name="umbral_backend.Web" line-rate="0.9434" branch-rate="0.8437" complexity="125">
      <classes>
        <class name="umbral_backend.Web.Services.CurrentUser" filename="Api/Services/CurrentUser.cs" line-rate="1" branch-rate="0.875" complexity="10">
          <methods>
            <method name="get_Id" signature="()" line-rate="1" branch-rate="1" complexity="1">
              <lines>
                <line number="17" hits="60" branch="False" />
              </lines>
            </method>
            <method name="get_Roles" signature="()" line-rate="1" branch-rate="1" complexity="2">
              <lines>
                <line number="22" hits="19" branch="False" />
                <line number="23" hits="19" branch="False" />
                <line number="24" hits="19" branch="True" condition-coverage="100% (2/2)">
                  <conditions>
                    <condition number="19" type="jump" coverage="100%" />
                  </conditions>
                </line>
                <line number="25" hits="19" branch="False" />
              </lines>
            </method>
            <method name="TryGetHeaderValue" signature="(System.String)" line-rate="1" branch-rate="0.8332999999999999" complexity="6">
              <lines>
                <line number="29" hits="79" branch="False" />
                <line number="30" hits="79" branch="True" condition-coverage="100% (4/4)">
                  <conditions>
                    <condition number="13" type="jump" coverage="100%" />
                    <condition number="42" type="jump" coverage="100%" />
                  </conditions>
                </line>
                <line number="31" hits="3" branch="False" />
                <line number="32" hits="3" branch="False" />
                <line number="35" hits="76" branch="False" />
                <line number="36" hits="76" branch="True" condition-coverage="50% (1/2)">
                  <conditions>
                    <condition number="69" type="jump" coverage="50%" />
                  </conditions>
                </line>
                <line number="37" hits="79" branch="False" />
              </lines>
            </method>
            <method name=".ctor" signature="(Microsoft.AspNetCore.Http.IHttpContextAccessor)" line-rate="1" branch-rate="1" complexity="1">
              <lines>
                <line number="12" hits="49" branch="False" />
                <line number="13" hits="49" branch="False" />
                <line number="14" hits="49" branch="False" />
                <line number="15" hits="49" branch="False" />
              </lines>
            </method>
          </methods>
          <lines>
            <line number="17" hits="60" branch="False" />
            <line number="22" hits="19" branch="False" />
            <line number="23" hits="19" branch="False" />
            <line number="24" hits="19" branch="True" condition-coverage="100% (2/2)">
              <conditions>
                <condition number="19" type="jump" coverage="100%" />
              </conditions>
            </line>
            <line number="25" hits="19" branch="False" />
            <line number="29" hits="79" branch="False" />
            <line number="30" hits="79" branch="True" condition-coverage="100% (4/4)">
              <conditions>
                <condition number="13" type="jump" coverage="100%" />
                <condition number="42" type="jump" coverage="100%" />
              </conditions>
            </line>
            <line number="31" hits="3" branch="False" />
            <line number="32" hits="3" branch="False" />
            <line number="35" hits="76" branch="False" />
            <line number="36" hits="76" branch="True" condition-coverage="50% (1/2)">
              <conditions>
                <condition number="69" type="jump" coverage="50%" />
              </conditions>
            </line>
            <line number="37" hits="79" branch="False" />
            <line number="12" hits="49" branch="False" />
            <line number="13" hits="49" branch="False" />
            <line number="14" hits="49" branch="False" />
            <line number="15" hits="49" branch="False" />
          </lines>
        </class>
        <class name="umbral_backend.Web.Services.ProblemDetailsExceptionHandler/&lt;&gt;c" filename="Api/Services/ProblemDetailsExceptionHandler.cs" line-rate="1" branch-rate="1" complexity="1">
          <methods>
            <method name="&lt;TryHandleAsync&gt;b__0_0" signature="(System.Collections.Generic.KeyValuePair`2&lt;System.String,System.String[]&gt;)" line-rate="1" branch-rate="1" complexity="1">
              <lines>
                <line number="24" hits="5" branch="False" />
              </lines>
            </method>
          </methods>
          <lines>
            <line number="24" hits="5" branch="False" />
          </lines>
        </class>
        <class name="umbral_backend.Web.Services.ProblemDetailsExceptionHandler/&lt;TryHandleAsync&gt;d__0" filename="Api/Services/ProblemDetailsExceptionHandler.cs" line-rate="1" branch-rate="1" complexity="10">
          <methods>
            <method name="MoveNext" signature="()" line-rate="1" branch-rate="1" complexity="10">
              <lines>
                <line number="12" hits="12" branch="False" />
                <line number="13" hits="12" branch="True" condition-coverage="100% (10/10)">
                  <conditions>
                    <condition number="33" type="jump" coverage="100%" />
                    <condition number="58" type="jump" coverage="100%" />
                    <condition number="71" type="jump" coverage="100%" />
                    <condition number="87" type="jump" coverage="100%" />
                    <condition number="103" type="jump" coverage="100%" />
                  </conditions>
                </line>
                <line number="14" hits="12" branch="False" />
                <line number="15" hits="3" branch="False" />
                <line number="16" hits="3" branch="False" />
                <line number="17" hits="3" branch="False" />
                <line number="18" hits="3" branch="False" />
                <line number="19" hits="3" branch="False" />
                <line number="20" hits="3" branch="False" />
                <line number="21" hits="3" branch="False" />
                <line number="22" hits="3" branch="False" />
                <line number="23" hits="3" branch="False" />
                <line number="25" hits="3" branch="False" />
                <line number="26" hits="3" branch="False" />
                <line number="27" hits="1" branch="False" />
                <line number="28" hits="1" branch="False" />
                <line number="29" hits="1" branch="False" />
                <line number="30" hits="1" branch="False" />
                <line number="31" hits="1" branch="False" />
                <line number="32" hits="1" branch="False" />
                <line number="33" hits="2" branch="False" />
                <line number="34" hits="2" branch="False" />
                <line number="35" hits="2" branch="False" />
                <line number="36" hits="2" branch="False" />
                <line number="37" hits="2" branch="False" />
                <line number="38" hits="2" branch="False" />
                <line number="39" hits="2" branch="False" />
                <line number="40" hits="2" branch="False" />
                <line number="41" hits="2" branch="False" />
                <line number="42" hits="2" branch="False" />
                <line number="43" hits="2" branch="False" />
                <line number="44" hits="2" branch="False" />
                <line number="45" hits="1" branch="False" />
                <line number="46" hits="1" branch="False" />
                <line number="47" hits="1" branch="False" />
                <line number="48" hits="1" branch="False" />
                <line number="49" hits="1" branch="False" />
                <line number="50" hits="1" branch="False" />
                <line number="51" hits="12" branch="False" />
                <line number="53" hits="12" branch="False" />
                <line number="55" hits="12" branch="False" />
                <line number="56" hits="12" branch="False" />
                <line number="57" hits="12" branch="False" />
              </lines>
            </method>
          </methods>
          <lines>
            <line number="12" hits="12" branch="False" />
            <line number="13" hits="12" branch="True" condition-coverage="100% (10/10)">
              <conditions>
                <condition number="33" type="jump" coverage="100%" />
                <condition number="58" type="jump" coverage="100%" />
                <condition number="71" type="jump" coverage="100%" />
                <condition number="87" type="jump" coverage="100%" />
                <condition number="103" type="jump" coverage="100%" />
              </conditions>
            </line>
            <line number="14" hits="12" branch="False" />
            <line number="15" hits="3" branch="False" />
            <line number="16" hits="3" branch="False" />
            <line number="17" hits="3" branch="False" />
            <line number="18" hits="3" branch="False" />
            <line number="19" hits="3" branch="False" />
            <line number="20" hits="3" branch="False" />
            <line number="21" hits="3" branch="False" />
            <line number="22" hits="3" branch="False" />
            <line number="23" hits="3" branch="False" />
            <line number="25" hits="3" branch="False" />
            <line number="26" hits="3" branch="False" />
            <line number="27" hits="1" branch="False" />
            <line number="28" hits="1" branch="False" />
            <line number="29" hits="1" branch="False" />
            <line number="30" hits="1" branch="False" />
            <line number="31" hits="1" branch="False" />
            <line number="32" hits="1" branch="False" />
            <line number="33" hits="2" branch="False" />
            <line number="34" hits="2" branch="False" />
            <line number="35" hits="2" branch="False" />
            <line number="36" hits="2" branch="False" />
            <line number="37" hits="2" branch="False" />
            <line number="38" hits="2" branch="False" />
            <line number="39" hits="2" branch="False" />
            <line number="40" hits="2" branch="False" />
            <line number="41" hits="2" branch="False" />
            <line number="42" hits="2" branch="False" />
            <line number="43" hits="2" branch="False" />
            <line number="44" hits="2" branch="False" />
            <line number="45" hits="1" branch="False" />
            <line number="46" hits="1" branch="False" />
            <line number="47" hits="1" branch="False" />
            <line number="48" hits="1" branch="False" />
            <line number="49" hits="1" branch="False" />
            <line number="50" hits="1" branch="False" />
            <line number="51" hits="12" branch="False" />
            <line number="53" hits="12" branch="False" />
            <line number="55" hits="12" branch="False" />
            <line number="56" hits="12" branch="False" />
            <line number="57" hits="12" branch="False" />
          </lines>
        </class>
        <class name="umbral_backend.Web.Services.SystemClock" filename="Api/Services/SystemClock.cs" line-rate="1" branch-rate="1" complexity="1">
          <methods>
            <method name="get_UtcNow" signature="()" line-rate="1" branch-rate="1" complexity="1">
              <lines>
                <line number="7" hits="2" branch="False" />
              </lines>
            </method>
          </methods>
          <lines>
            <line number="7" hits="2" branch="False" />
          </lines>
        </class>
        <class name="umbral_backend.Web.Hubs.WebhookHub/&lt;OnConnectedAsync&gt;d__0" filename="Api/Hubs/WebhookHub.cs" line-rate="0" branch-rate="1" complexity="1">
          <methods>
            <method name="MoveNext" signature="()" line-rate="0" branch-rate="1" complexity="1">
              <lines>
                <line number="8" hits="0" branch="False" />
                <line number="9" hits="0" branch="False" />
                <line number="10" hits="0" branch="False" />
                <line number="11" hits="0" branch="False" />
              </lines>
            </method>
          </methods>
          <lines>
            <line number="8" hits="0" branch="False" />
            <line number="9" hits="0" branch="False" />
            <line number="10" hits="0" branch="False" />
            <line number="11" hits="0" branch="False" />
          </lines>
        </class>
        <class name="umbral_backend.Web.Hubs.WebhookHub/&lt;OnDisconnectedAsync&gt;d__1" filename="Api/Hubs/WebhookHub.cs" line-rate="0" branch-rate="1" complexity="1">
          <methods>
            <method name="MoveNext" signature="()" line-rate="0" branch-rate="1" complexity="1">
              <lines>
                <line number="14" hits="0" branch="False" />
                <line number="15" hits="0" branch="False" />
                <line number="16" hits="0" branch="False" />
                <line number="17" hits="0" branch="False" />
              </lines>
            </method>
          </methods>
          <lines>
            <line number="14" hits="0" branch="False" />
            <line number="15" hits="0" branch="False" />
            <line number="16" hits="0" branch="False" />
            <line number="17" hits="0" branch="False" />
          </lines>
        </class>
        <class name="umbral_backend.Web.Endpoints.EndpointRouteBuilderExtensions" filename="Api/Endpoints/EndpointGroupBase.cs" line-rate="1" branch-rate="0.9" complexity="10">
          <methods>
            <method name="MapEndpoints" signature="(Microsoft.AspNetCore.Routing.IEndpointRouteBuilder,System.Reflection.Assembly)" line-rate="1" branch-rate="0.9" complexity="10">
              <lines>
                <line number="13" hits="12" branch="False" />
                <line number="14" hits="12" branch="False" />
                <line number="15" hits="288" branch="True" condition-coverage="100% (6/6)">
                  <conditions>
                    <condition number="1" type="jump" coverage="100%" />
                    <condition number="9" type="jump" coverage="100%" />
                    <condition number="17" type="jump" coverage="100%" />
                  </conditions>
                </line>
                <line number="16" hits="288" branch="False" />
                <line number="18" hits="108" branch="True" condition-coverage="100% (2/2)">
                  <conditions>
                    <condition number="151" type="jump" coverage="100%" />
                  </conditions>
                </line>
                <line number="19" hits="36" branch="False" />
                <line number="20" hits="36" branch="False" />
                <line number="21" hits="36" branch="False" />
                <line number="22" hits="36" branch="False" />
                <line number="24" hits="36" branch="True" condition-coverage="50% (1/2)">
                  <conditions>
                    <condition number="121" type="jump" coverage="50%" />
                  </conditions>
                </line>
                <line number="25" hits="36" branch="False" />
                <line number="26" hits="36" branch="False" />
                <line number="28" hits="12" branch="False" />
                <line number="29" hits="12" branch="False" />
              </lines>
            </method>
          </methods>
          <lines>
            <line number="13" hits="12" branch="False" />
            <line number="14" hits="12" branch="False" />
            <line number="15" hits="288" branch="True" condition-coverage="100% (6/6)">
              <conditions>
                <condition number="1" type="jump" coverage="100%" />
                <condition number="9" type="jump" coverage="100%" />
                <condition number="17" type="jump" coverage="100%" />
              </conditions>
            </line>
            <line number="16" hits="288" branch="False" />
            <line number="18" hits="108" branch="True" condition-coverage="100% (2/2)">
              <conditions>
                <condition number="151" type="jump" coverage="100%" />
              </conditions>
            </line>
            <line number="19" hits="36" branch="False" />
            <line number="20" hits="36" branch="False" />
            <line number="21" hits="36" branch="False" />
            <line number="22" hits="36" branch="False" />
            <line number="24" hits="36" branch="True" condition-coverage="50% (1/2)">
              <conditions>
                <condition number="121" type="jump" coverage="50%" />
              </conditions>
            </line>
            <line number="25" hits="36" branch="False" />
            <line number="26" hits="36" branch="False" />
            <line number="28" hits="12" branch="False" />
            <line number="29" hits="12" branch="False" />
          </lines>
        </class>
        <class name="umbral_backend.Web.Endpoints.HealthEndpoints" filename="Api/Endpoints/HealthEndpoints.cs" line-rate="1" branch-rate="1" complexity="1">
          <methods>
            <method name="Map" signature="(Microsoft.AspNetCore.Routing.RouteGroupBuilder)" line-rate="1" branch-rate="1" complexity="1">
              <lines>
                <line number="8" hits="12" branch="False" />
                <line number="9" hits="12" branch="False" />
                <line number="10" hits="12" branch="False" />
                <line number="11" hits="12" branch="False" />
              </lines>
            </method>
          </methods>
          <lines>
            <line number="8" hits="12" branch="False" />
            <line number="9" hits="12" branch="False" />
            <line number="10" hits="12" branch="False" />
            <line number="11" hits="12" branch="False" />
          </lines>
        </class>
        <class name="umbral_backend.Web.Endpoints.HealthEndpoints/&lt;CheckHealthAsync&gt;d__1" filename="Api/Endpoints/HealthEndpoints.cs" line-rate="0" branch-rate="0" complexity="2">
          <methods>
            <method name="MoveNext" signature="()" line-rate="0" branch-rate="0" complexity="2">
              <lines>
                <line number="16" hits="0" branch="False" />
                <line number="17" hits="0" branch="False" />
                <line number="19" hits="0" branch="True" condition-coverage="0% (0/2)">
                  <conditions>
                    <condition number="150" type="jump" coverage="0%" />
                  </conditions>
                </line>
                <line number="20" hits="0" branch="False" />
                <line number="21" hits="0" branch="False" />
                <line number="22" hits="0" branch="False" />
              </lines>
            </method>
          </methods>
          <lines>
            <line number="16" hits="0" branch="False" />
            <line number="17" hits="0" branch="False" />
            <line number="19" hits="0" branch="True" condition-coverage="0% (0/2)">
              <conditions>
                <condition number="150" type="jump" coverage="0%" />
              </conditions>
            </line>
            <line number="20" hits="0" branch="False" />
            <line number="21" hits="0" branch="False" />
            <line number="22" hits="0" branch="False" />
          </lines>
        </class>
        <class name="umbral_backend.Web.Endpoints.MissionsEndpoints" filename="Api/Endpoints/MissionsEndpoints.cs" line-rate="1" branch-rate="1" complexity="1">
          <methods>
            <method name="Map" signature="(Microsoft.AspNetCore.Routing.RouteGroupBuilder)" line-rate="1" branch-rate="1" complexity="1">
              <lines>
                <line number="14" hits="12" branch="False" />
                <line number="15" hits="12" branch="False" />
                <line number="17" hits="12" branch="False" />
                <line number="18" hits="12" branch="False" />
                <line number="19" hits="12" branch="False" />
                <line number="20" hits="12" branch="False" />
                <line number="21" hits="12" branch="False" />
                <line number="22" hits="12" branch="False" />
              </lines>
            </method>
          </methods>
          <lines>
            <line number="14" hits="12" branch="False" />
            <line number="15" hits="12" branch="False" />
            <line number="17" hits="12" branch="False" />
            <line number="18" hits="12" branch="False" />
            <line number="19" hits="12" branch="False" />
            <line number="20" hits="12" branch="False" />
            <line number="21" hits="12" branch="False" />
            <line number="22" hits="12" branch="False" />
          </lines>
        </class>
        <class name="umbral_backend.Web.Endpoints.MissionsEndpoints/CreateMissionRequest" filename="Api/Endpoints/MissionsEndpoints.cs" line-rate="1" branch-rate="1" complexity="5">
          <methods>
            <method name="get_Name" signature="()" line-rate="1" branch-rate="1" complexity="1">
              <lines>
                <line number="90" hits="4" branch="False" />
              </lines>
            </method>
            <method name="get_Description" signature="()" line-rate="1" branch-rate="1" complexity="1">
              <lines>
                <line number="91" hits="4" branch="False" />
              </lines>
            </method>
            <method name="get_Difficulty" signature="()" line-rate="1" branch-rate="1" complexity="1">
              <lines>
                <line number="92" hits="4" branch="False" />
              </lines>
            </method>
            <method name="get_MaximumTimeMinutes" signature="()" line-rate="1" branch-rate="1" complexity="1">
              <lines>
                <line number="93" hits="8" branch="False" />
              </lines>
            </method>
            <method name=".ctor" signature="(System.String,System.String,System.String,System.Int32)" line-rate="1" branch-rate="1" complexity="1">
              <lines>
                <line number="89" hits="4" branch="False" />
              </lines>
            </method>
          </methods>
          <lines>
            <line number="90" hits="4" branch="False" />
            <line number="91" hits="4" branch="False" />
            <line number="92" hits="4" branch="False" />
            <line number="93" hits="8" branch="False" />
            <line number="89" hits="4" branch="False" />
          </lines>
        </class>
        <class name="umbral_backend.Web.Endpoints.MissionsEndpoints/UpdateMissionRequest" filename="Api/Endpoints/MissionsEndpoints.cs" line-rate="1" branch-rate="1" complexity="5">
          <methods>
            <method name="get_Name" signature="()" line-rate="1" branch-rate="1" complexity="1">
              <lines>
                <line number="96" hits="3" branch="False" />
              </lines>
            </method>
            <method name="get_Description" signature="()" line-rate="1" branch-rate="1" complexity="1">
              <lines>
                <line number="97" hits="3" branch="False" />
              </lines>
            </method>
            <method name="get_Difficulty" signature="()" line-rate="1" branch-rate="1" complexity="1">
              <lines>
                <line number="98" hits="3" branch="False" />
              </lines>
            </method>
            <method name="get_MaximumTimeMinutes" signature="()" line-rate="1" branch-rate="1" complexity="1">
              <lines>
                <line number="99" hits="6" branch="False" />
              </lines>
            </method>
            <method name=".ctor" signature="(System.String,System.String,System.String,System.Int32)" line-rate="1" branch-rate="1" complexity="1">
              <lines>
                <line number="95" hits="3" branch="False" />
              </lines>
            </method>
          </methods>
          <lines>
            <line number="96" hits="3" branch="False" />
            <line number="97" hits="3" branch="False" />
            <line number="98" hits="3" branch="False" />
            <line number="99" hits="6" branch="False" />
            <line number="95" hits="3" branch="False" />
          </lines>
        </class>
        <class name="umbral_backend.Web.Endpoints.MissionsEndpoints/MissionResponse" filename="Api/Endpoints/MissionsEndpoints.cs" line-rate="1" branch-rate="1" complexity="10">
          <methods>
            <method name="get_Id" signature="()" line-rate="1" branch-rate="1" complexity="1">
              <lines>
                <line number="102" hits="14" branch="False" />
              </lines>
            </method>
            <method name="get_Name" signature="()" line-rate="1" branch-rate="1" complexity="1">
              <lines>
                <line number="103" hits="8" branch="False" />
              </lines>
            </method>
            <method name="get_Description" signature="()" line-rate="1" branch-rate="1" complexity="1">
              <lines>
                <line number="104" hits="8" branch="False" />
              </lines>
            </method>
            <method name="get_Difficulty" signature="()" line-rate="1" branch-rate="1" complexity="1">
              <lines>
                <line number="105" hits="8" branch="False" />
              </lines>
            </method>
            <method name="get_MaximumTimeMinutes" signature="()" line-rate="1" branch-rate="1" complexity="1">
              <lines>
                <line number="106" hits="8" branch="False" />
              </lines>
            </method>
            <method name="get_IsActive" signature="()" line-rate="1" branch-rate="1" complexity="1">
              <lines>
                <line number="107" hits="11" branch="False" />
              </lines>
            </method>
            <method name="get_ActivationState" signature="()" line-rate="1" branch-rate="1" complexity="1">
              <lines>
                <line number="108" hits="12" branch="False" />
              </lines>
            </method>
            <method name="get_IsSourceReady" signature="()" line-rate="1" branch-rate="1" complexity="1">
              <lines>
                <line number="109" hits="27" branch="False" />
              </lines>
            </method>
            <method name="FromDto" signature="(umbral_backend.Application.Missions.DTOs.MissionDto)" line-rate="1" branch-rate="1" complexity="1">
              <lines>
                <line number="112" hits="9" branch="False" />
                <line number="113" hits="9" branch="False" />
                <line number="115" hits="9" branch="False" />
                <line number="116" hits="9" branch="False" />
                <line number="117" hits="9" branch="False" />
                <line number="118" hits="9" branch="False" />
                <line number="119" hits="9" branch="False" />
                <line number="120" hits="9" branch="False" />
                <line number="121" hits="9" branch="False" />
                <line number="122" hits="9" branch="False" />
                <line number="123" hits="9" branch="False" />
                <line number="124" hits="9" branch="False" />
              </lines>
            </method>
            <method name=".ctor" signature="(System.Int32,System.String,System.String,System.String,System.Int32,System.Boolean,System.String,System.Boolean)" line-rate="1" branch-rate="1" complexity="1">
              <lines>
                <line number="101" hits="15" branch="False" />
              </lines>
            </method>
          </methods>
          <lines>
            <line number="102" hits="14" branch="False" />
            <line number="103" hits="8" branch="False" />
            <line number="104" hits="8" branch="False" />
            <line number="105" hits="8" branch="False" />
            <line number="106" hits="8" branch="False" />
            <line number="107" hits="11" branch="False" />
            <line number="108" hits="12" branch="False" />
            <line number="109" hits="27" branch="False" />
            <line number="112" hits="9" branch="False" />
            <line number="113" hits="9" branch="False" />
            <line number="115" hits="9" branch="False" />
            <line number="116" hits="9" branch="False" />
            <line number="117" hits="9" branch="False" />
            <line number="118" hits="9" branch="False" />
            <line number="119" hits="9" branch="False" />
            <line number="120" hits="9" branch="False" />
            <line number="121" hits="9" branch="False" />
            <line number="122" hits="9" branch="False" />
            <line number="123" hits="9" branch="False" />
            <line number="124" hits="9" branch="False" />
            <line number="101" hits="15" branch="False" />
          </lines>
        </class>
        <class name="umbral_backend.Web.Endpoints.MissionsEndpoints/MissionSummaryResponse" filename="Api/Endpoints/MissionsEndpoints.cs" line-rate="1" branch-rate="1" complexity="9">
          <methods>
            <method name="get_Id" signature="()" line-rate="1" branch-rate="1" complexity="1">
              <lines>
                <line number="128" hits="5" branch="False" />
              </lines>
            </method>
            <method name="get_Name" signature="()" line-rate="1" branch-rate="1" complexity="1">
              <lines>
                <line number="129" hits="1" branch="False" />
              </lines>
            </method>
            <method name="get_Description" signature="()" line-rate="1" branch-rate="1" complexity="1">
              <lines>
                <line number="130" hits="1" branch="False" />
              </lines>
            </method>
            <method name="get_Difficulty" signature="()" line-rate="1" branch-rate="1" complexity="1">
              <lines>
                <line number="131" hits="4" branch="False" />
              </lines>
            </method>
            <method name="get_IsActive" signature="()" line-rate="1" branch-rate="1" complexity="1">
              <lines>
                <line number="132" hits="5" branch="False" />
              </lines>
            </method>
            <method name="get_ActivationState" signature="()" line-rate="1" branch-rate="1" complexity="1">
              <lines>
                <line number="133" hits="5" branch="False" />
              </lines>
            </method>
            <method name="get_IsSourceReady" signature="()" line-rate="1" branch-rate="1" complexity="1">
              <lines>
                <line number="134" hits="10" branch="False" />
              </lines>
            </method>
            <method name="FromDto" signature="(umbral_backend.Application.Missions.DTOs.MissionSummaryDto)" line-rate="1" branch-rate="1" complexity="1">
              <lines>
                <line number="137" hits="4" branch="False" />
                <line number="138" hits="4" branch="False" />
                <line number="140" hits="4" branch="False" />
                <line number="141" hits="4" branch="False" />
                <line number="142" hits="4" branch="False" />
                <line number="143" hits="4" branch="False" />
                <line number="144" hits="4" branch="False" />
                <line number="145" hits="4" branch="False" />
                <line number="146" hits="4" branch="False" />
                <line number="147" hits="4" branch="False" />
                <line number="148" hits="4" branch="False" />
              </lines>
            </method>
            <method name=".ctor" signature="(System.Int32,System.String,System.String,System.String,System.Boolean,System.String,System.Boolean)" line-rate="1" branch-rate="1" complexity="1">
              <lines>
                <line number="127" hits="5" branch="False" />
              </lines>
            </method>
          </methods>
          <lines>
            <line number="128" hits="5" branch="False" />
            <line number="129" hits="1" branch="False" />
            <line number="130" hits="1" branch="False" />
            <line number="131" hits="4" branch="False" />
            <line number="132" hits="5" branch="False" />
            <line number="133" hits="5" branch="False" />
            <line number="134" hits="10" branch="False" />
            <line number="137" hits="4" branch="False" />
            <line number="138" hits="4" branch="False" />
            <line number="140" hits="4" branch="False" />
            <line number="141" hits="4" branch="False" />
            <line number="142" hits="4" branch="False" />
            <line number="143" hits="4" branch="False" />
            <line number="144" hits="4" branch="False" />
            <line number="145" hits="4" branch="False" />
            <line number="146" hits="4" branch="False" />
            <line number="147" hits="4" branch="False" />
            <line number="148" hits="4" branch="False" />
            <line number="127" hits="5" branch="False" />
          </lines>
        </class>
        <class name="umbral_backend.Web.Endpoints.MissionsEndpoints/&lt;CreateMission&gt;d__1" filename="Api/Endpoints/MissionsEndpoints.cs" line-rate="1" branch-rate="1" complexity="1">
          <methods>
            <method name="MoveNext" signature="()" line-rate="1" branch-rate="1" complexity="1">
              <lines>
                <line number="28" hits="4" branch="False" />
                <line number="29" hits="4" branch="False" />
                <line number="30" hits="4" branch="False" />
                <line number="31" hits="4" branch="False" />
                <line number="32" hits="4" branch="False" />
                <line number="33" hits="4" branch="False" />
                <line number="34" hits="4" branch="False" />
                <line number="35" hits="4" branch="False" />
                <line number="37" hits="4" branch="False" />
                <line number="38" hits="4" branch="False" />
              </lines>
            </method>
          </methods>
          <lines>
            <line number="28" hits="4" branch="False" />
            <line number="29" hits="4" branch="False" />
            <line number="30" hits="4" branch="False" />
            <line number="31" hits="4" branch="False" />
            <line number="32" hits="4" branch="False" />
            <line number="33" hits="4" branch="False" />
            <line number="34" hits="4" branch="False" />
            <line number="35" hits="4" branch="False" />
            <line number="37" hits="4" branch="False" />
            <line number="38" hits="4" branch="False" />
          </lines>
        </class>
        <class name="umbral_backend.Web.Endpoints.MissionsEndpoints/&lt;DeactivateMission&gt;d__5" filename="Api/Endpoints/MissionsEndpoints.cs" line-rate="1" branch-rate="1" complexity="1">
          <methods>
            <method name="MoveNext" signature="()" line-rate="1" branch-rate="1" complexity="1">
              <lines>
                <line number="83" hits="3" branch="False" />
                <line number="84" hits="3" branch="False" />
                <line number="86" hits="1" branch="False" />
                <line number="87" hits="1" branch="False" />
              </lines>
            </method>
          </methods>
          <lines>
            <line number="83" hits="3" branch="False" />
            <line number="84" hits="3" branch="False" />
            <line number="86" hits="1" branch="False" />
            <line number="87" hits="1" branch="False" />
          </lines>
        </class>
        <class name="umbral_backend.Web.Endpoints.MissionsEndpoints/&lt;GetMissionCatalog&gt;d__2" filename="Api/Endpoints/MissionsEndpoints.cs" line-rate="1" branch-rate="1" complexity="1">
          <methods>
            <method name="MoveNext" signature="()" line-rate="1" branch-rate="1" complexity="1">
              <lines>
                <line number="43" hits="1" branch="False" />
                <line number="44" hits="1" branch="False" />
                <line number="45" hits="1" branch="False" />
                <line number="46" hits="1" branch="False" />
                <line number="47" hits="1" branch="False" />
                <line number="49" hits="1" branch="False" />
                <line number="50" hits="1" branch="False" />
              </lines>
            </method>
          </methods>
          <lines>
            <line number="43" hits="1" branch="False" />
            <line number="44" hits="1" branch="False" />
            <line number="45" hits="1" branch="False" />
            <line number="46" hits="1" branch="False" />
            <line number="47" hits="1" branch="False" />
            <line number="49" hits="1" branch="False" />
            <line number="50" hits="1" branch="False" />
          </lines>
        </class>
        <class name="umbral_backend.Web.Endpoints.MissionsEndpoints/&lt;GetMissionDetail&gt;d__3" filename="Api/Endpoints/MissionsEndpoints.cs" line-rate="1" branch-rate="1" complexity="1">
          <methods>
            <method name="MoveNext" signature="()" line-rate="1" branch-rate="1" complexity="1">
              <lines>
                <line number="56" hits="1" branch="False" />
                <line number="57" hits="1" branch="False" />
                <line number="58" hits="1" branch="False" />
                <line number="59" hits="1" branch="False" />
              </lines>
            </method>
          </methods>
          <lines>
            <line number="56" hits="1" branch="False" />
            <line number="57" hits="1" branch="False" />
            <line number="58" hits="1" branch="False" />
            <line number="59" hits="1" branch="False" />
          </lines>
        </class>
        <class name="umbral_backend.Web.Endpoints.MissionsEndpoints/&lt;UpdateMission&gt;d__4" filename="Api/Endpoints/MissionsEndpoints.cs" line-rate="1" branch-rate="1" complexity="1">
          <methods>
            <method name="MoveNext" signature="()" line-rate="1" branch-rate="1" complexity="1">
              <lines>
                <line number="66" hits="3" branch="False" />
                <line number="67" hits="3" branch="False" />
                <line number="68" hits="3" branch="False" />
                <line number="69" hits="3" branch="False" />
                <line number="70" hits="3" branch="False" />
                <line number="71" hits="3" branch="False" />
                <line number="72" hits="3" branch="False" />
                <line number="73" hits="3" branch="False" />
                <line number="74" hits="3" branch="False" />
                <line number="76" hits="1" branch="False" />
                <line number="77" hits="1" branch="False" />
              </lines>
            </method>
          </methods>
          <lines>
            <line number="66" hits="3" branch="False" />
            <line number="67" hits="3" branch="False" />
            <line number="68" hits="3" branch="False" />
            <line number="69" hits="3" branch="False" />
            <line number="70" hits="3" branch="False" />
            <line number="71" hits="3" branch="False" />
            <line number="72" hits="3" branch="False" />
            <line number="73" hits="3" branch="False" />
            <line number="74" hits="3" branch="False" />
            <line number="76" hits="1" branch="False" />
            <line number="77" hits="1" branch="False" />
          </lines>
        </class>
        <class name="umbral_backend.Web.Endpoints.TriviasEndpoints" filename="Api/Endpoints/TriviasEndpoints.cs" line-rate="1" branch-rate="1" complexity="1">
          <methods>
            <method name="Map" signature="(Microsoft.AspNetCore.Routing.RouteGroupBuilder)" line-rate="1" branch-rate="1" complexity="1">
              <lines>
                <line number="14" hits="12" branch="False" />
                <line number="15" hits="12" branch="False" />
                <line number="17" hits="12" branch="False" />
                <line number="18" hits="12" branch="False" />
                <line number="19" hits="12" branch="False" />
                <line number="20" hits="12" branch="False" />
                <line number="21" hits="12" branch="False" />
              </lines>
            </method>
          </methods>
          <lines>
            <line number="14" hits="12" branch="False" />
            <line number="15" hits="12" branch="False" />
            <line number="17" hits="12" branch="False" />
            <line number="18" hits="12" branch="False" />
            <line number="19" hits="12" branch="False" />
            <line number="20" hits="12" branch="False" />
            <line number="21" hits="12" branch="False" />
          </lines>
        </class>
        <class name="umbral_backend.Web.Endpoints.TriviasEndpoints/CreateTriviaQuizRequest" filename="Api/Endpoints/TriviasEndpoints.cs" line-rate="1" branch-rate="1" complexity="4">
          <methods>
            <method name="get_Title" signature="()" line-rate="1" branch-rate="1" complexity="1">
              <lines>
                <line number="99" hits="5" branch="False" />
              </lines>
            </method>
            <method name="get_Description" signature="()" line-rate="1" branch-rate="1" complexity="1">
              <lines>
                <line number="100" hits="5" branch="False" />
              </lines>
            </method>
            <method name="get_Questions" signature="()" line-rate="1" branch-rate="1" complexity="1">
              <lines>
                <line number="101" hits="10" branch="False" />
              </lines>
            </method>
            <method name=".ctor" signature="(System.String,System.String,System.Collections.Generic.IReadOnlyList`1&lt;umbral_backend.Web.Endpoints.TriviasEndpoints/TriviaQuestionRequest&gt;)" line-rate="1" branch-rate="1" complexity="1">
              <lines>
                <line number="98" hits="5" branch="False" />
              </lines>
            </method>
          </methods>
          <lines>
            <line number="99" hits="5" branch="False" />
            <line number="100" hits="5" branch="False" />
            <line number="101" hits="10" branch="False" />
            <line number="98" hits="5" branch="False" />
          </lines>
        </class>
        <class name="umbral_backend.Web.Endpoints.TriviasEndpoints/UpdateTriviaQuizRequest" filename="Api/Endpoints/TriviasEndpoints.cs" line-rate="1" branch-rate="1" complexity="4">
          <methods>
            <method name="get_Title" signature="()" line-rate="1" branch-rate="1" complexity="1">
              <lines>
                <line number="104" hits="2" branch="False" />
              </lines>
            </method>
            <method name="get_Description" signature="()" line-rate="1" branch-rate="1" complexity="1">
              <lines>
                <line number="105" hits="2" branch="False" />
              </lines>
            </method>
            <method name="get_Questions" signature="()" line-rate="1" branch-rate="1" complexity="1">
              <lines>
                <line number="106" hits="4" branch="False" />
              </lines>
            </method>
            <method name=".ctor" signature="(System.String,System.String,System.Collections.Generic.IReadOnlyList`1&lt;umbral_backend.Web.Endpoints.TriviasEndpoints/TriviaQuestionRequest&gt;)" line-rate="1" branch-rate="1" complexity="1">
              <lines>
                <line number="103" hits="2" branch="False" />
              </lines>
            </method>
          </methods>
          <lines>
            <line number="104" hits="2" branch="False" />
            <line number="105" hits="2" branch="False" />
            <line number="106" hits="4" branch="False" />
            <line number="103" hits="2" branch="False" />
          </lines>
        </class>
        <class name="umbral_backend.Web.Endpoints.TriviasEndpoints/TriviaQuestionRequest" filename="Api/Endpoints/TriviasEndpoints.cs" line-rate="1" branch-rate="1" complexity="5">
          <methods>
            <method name="get_Prompt" signature="()" line-rate="1" branch-rate="1" complexity="1">
              <lines>
                <line number="109" hits="8" branch="False" />
              </lines>
            </method>
            <method name="get_SequenceOrder" signature="()" line-rate="1" branch-rate="1" complexity="1">
              <lines>
                <line number="110" hits="8" branch="False" />
              </lines>
            </method>
            <method name="get_IsActive" signature="()" line-rate="1" branch-rate="1" complexity="1">
              <lines>
                <line number="111" hits="8" branch="False" />
              </lines>
            </method>
            <method name="get_Options" signature="()" line-rate="1" branch-rate="1" complexity="1">
              <lines>
                <line number="112" hits="16" branch="False" />
              </lines>
            </method>
            <method name=".ctor" signature="(System.String,System.Int32,System.Boolean,System.Collections.Generic.IReadOnlyList`1&lt;umbral_backend.Web.Endpoints.TriviasEndpoints/TriviaOptionRequest&gt;)" line-rate="1" branch-rate="1" complexity="1">
              <lines>
                <line number="108" hits="8" branch="False" />
              </lines>
            </method>
          </methods>
          <lines>
            <line number="109" hits="8" branch="False" />
            <line number="110" hits="8" branch="False" />
            <line number="111" hits="8" branch="False" />
            <line number="112" hits="16" branch="False" />
            <line number="108" hits="8" branch="False" />
          </lines>
        </class>
        <class name="umbral_backend.Web.Endpoints.TriviasEndpoints/TriviaOptionRequest" filename="Api/Endpoints/TriviasEndpoints.cs" line-rate="1" branch-rate="1" complexity="4">
          <methods>
            <method name="get_OptionText" signature="()" line-rate="1" branch-rate="1" complexity="1">
              <lines>
                <line number="115" hits="16" branch="False" />
              </lines>
            </method>
            <method name="get_SequenceOrder" signature="()" line-rate="1" branch-rate="1" complexity="1">
              <lines>
                <line number="116" hits="16" branch="False" />
              </lines>
            </method>
            <method name="get_IsCorrect" signature="()" line-rate="1" branch-rate="1" complexity="1">
              <lines>
                <line number="117" hits="32" branch="False" />
              </lines>
            </method>
            <method name=".ctor" signature="(System.String,System.Int32,System.Boolean)" line-rate="1" branch-rate="1" complexity="1">
              <lines>
                <line number="114" hits="16" branch="False" />
              </lines>
            </method>
          </methods>
          <lines>
            <line number="115" hits="16" branch="False" />
            <line number="116" hits="16" branch="False" />
            <line number="117" hits="32" branch="False" />
            <line number="114" hits="16" branch="False" />
          </lines>
        </class>
        <class name="umbral_backend.Web.Endpoints.TriviasEndpoints/TriviaQuizResponse" filename="Api/Endpoints/TriviasEndpoints.cs" line-rate="1" branch-rate="1" complexity="7">
          <methods>
            <method name="get_Id" signature="()" line-rate="1" branch-rate="1" complexity="1">
              <lines>
                <line number="120" hits="12" branch="False" />
              </lines>
            </method>
            <method name="get_Title" signature="()" line-rate="1" branch-rate="1" complexity="1">
              <lines>
                <line number="121" hits="9" branch="False" />
              </lines>
            </method>
            <method name="get_Description" signature="()" line-rate="1" branch-rate="1" complexity="1">
              <lines>
                <line number="122" hits="8" branch="False" />
              </lines>
            </method>
            <method name="get_Status" signature="()" line-rate="1" branch-rate="1" complexity="1">
              <lines>
                <line number="123" hits="8" branch="False" />
              </lines>
            </method>
            <method name="get_Questions" signature="()" line-rate="1" branch-rate="1" complexity="1">
              <lines>
                <line number="124" hits="30" branch="False" />
              </lines>
            </method>
            <method name="FromDto" signature="(umbral_backend.Application.Trivias.DTOs.TriviaQuizDto)" line-rate="1" branch-rate="1" complexity="1">
              <lines>
                <line number="127" hits="7" branch="False" />
                <line number="128" hits="7" branch="False" />
                <line number="129" hits="7" branch="False" />
                <line number="130" hits="7" branch="False" />
                <line number="131" hits="7" branch="False" />
                <line number="132" hits="7" branch="False" />
                <line number="133" hits="7" branch="False" />
                <line number="134" hits="7" branch="False" />
              </lines>
            </method>
            <method name=".ctor" signature="(System.Int32,System.String,System.String,System.String,System.Collections.Generic.IReadOnlyList`1&lt;umbral_backend.Web.Endpoints.TriviasEndpoints/TriviaQuestionResponse&gt;)" line-rate="1" branch-rate="1" complexity="1">
              <lines>
                <line number="119" hits="13" branch="False" />
              </lines>
            </method>
          </methods>
          <lines>
            <line number="120" hits="12" branch="False" />
            <line number="121" hits="9" branch="False" />
            <line number="122" hits="8" branch="False" />
            <line number="123" hits="8" branch="False" />
            <line number="124" hits="30" branch="False" />
            <line number="127" hits="7" branch="False" />
            <line number="128" hits="7" branch="False" />
            <line number="129" hits="7" branch="False" />
            <line number="130" hits="7" branch="False" />
            <line number="131" hits="7" branch="False" />
            <line number="132" hits="7" branch="False" />
            <line number="133" hits="7" branch="False" />
            <line number="134" hits="7" branch="False" />
            <line number="119" hits="13" branch="False" />
          </lines>
        </class>
        <class name="umbral_backend.Web.Endpoints.TriviasEndpoints/TriviaQuestionResponse" filename="Api/Endpoints/TriviasEndpoints.cs" line-rate="1" branch-rate="1" complexity="7">
          <methods>
            <method name="get_Id" signature="()" line-rate="1" branch-rate="1" complexity="1">
              <lines>
                <line number="138" hits="7" branch="False" />
              </lines>
            </method>
            <method name="get_Prompt" signature="()" line-rate="1" branch-rate="1" complexity="1">
              <lines>
                <line number="139" hits="9" branch="False" />
              </lines>
            </method>
            <method name="get_SequenceOrder" signature="()" line-rate="1" branch-rate="1" complexity="1">
              <lines>
                <line number="140" hits="9" branch="False" />
              </lines>
            </method>
            <method name="get_IsActive" signature="()" line-rate="1" branch-rate="1" complexity="1">
              <lines>
                <line number="141" hits="7" branch="False" />
              </lines>
            </method>
            <method name="get_Options" signature="()" line-rate="1" branch-rate="1" complexity="1">
              <lines>
                <line number="142" hits="27" branch="False" />
              </lines>
            </method>
            <method name="FromDto" signature="(umbral_backend.Application.Trivias.DTOs.TriviaQuestionDto)" line-rate="1" branch-rate="1" complexity="1">
              <lines>
                <line number="145" hits="8" branch="False" />
                <line number="146" hits="8" branch="False" />
                <line number="147" hits="8" branch="False" />
                <line number="148" hits="8" branch="False" />
                <line number="149" hits="8" branch="False" />
                <line number="150" hits="8" branch="False" />
                <line number="151" hits="8" branch="False" />
                <line number="152" hits="8" branch="False" />
              </lines>
            </method>
            <method name=".ctor" signature="(System.Int32,System.String,System.Int32,System.Boolean,System.Collections.Generic.IReadOnlyList`1&lt;umbral_backend.Web.Endpoints.TriviasEndpoints/TriviaOptionResponse&gt;)" line-rate="1" branch-rate="1" complexity="1">
              <lines>
                <line number="137" hits="15" branch="False" />
              </lines>
            </method>
          </methods>
          <lines>
            <line number="138" hits="7" branch="False" />
            <line number="139" hits="9" branch="False" />
            <line number="140" hits="9" branch="False" />
            <line number="141" hits="7" branch="False" />
            <line number="142" hits="27" branch="False" />
            <line number="145" hits="8" branch="False" />
            <line number="146" hits="8" branch="False" />
            <line number="147" hits="8" branch="False" />
            <line number="148" hits="8" branch="False" />
            <line number="149" hits="8" branch="False" />
            <line number="150" hits="8" branch="False" />
            <line number="151" hits="8" branch="False" />
            <line number="152" hits="8" branch="False" />
            <line number="137" hits="15" branch="False" />
          </lines>
        </class>
        <class name="umbral_backend.Web.Endpoints.TriviasEndpoints/TriviaOptionResponse" filename="Api/Endpoints/TriviasEndpoints.cs" line-rate="1" branch-rate="1" complexity="6">
          <methods>
            <method name="get_Id" signature="()" line-rate="1" branch-rate="1" complexity="1">
              <lines>
                <line number="156" hits="14" branch="False" />
              </lines>
            </method>
            <method name="get_OptionText" signature="()" line-rate="1" branch-rate="1" complexity="1">
              <lines>
                <line number="157" hits="17" branch="False" />
              </lines>
            </method>
            <method name="get_SequenceOrder" signature="()" line-rate="1" branch-rate="1" complexity="1">
              <lines>
                <line number="158" hits="14" branch="False" />
              </lines>
            </method>
            <method name="get_IsCorrect" signature="()" line-rate="1" branch-rate="1" complexity="1">
              <lines>
                <line number="159" hits="45" branch="False" />
              </lines>
            </method>
            <method name="FromDto" signature="(umbral_backend.Application.Trivias.DTOs.TriviaOptionDto)" line-rate="1" branch-rate="1" complexity="1">
              <lines>
                <line number="162" hits="16" branch="False" />
                <line number="163" hits="16" branch="False" />
                <line number="164" hits="16" branch="False" />
                <line number="165" hits="16" branch="False" />
                <line number="166" hits="16" branch="False" />
                <line number="167" hits="16" branch="False" />
                <line number="168" hits="16" branch="False" />
              </lines>
            </method>
            <method name=".ctor" signature="(System.Int32,System.String,System.Int32,System.Boolean)" line-rate="1" branch-rate="1" complexity="1">
              <lines>
                <line number="155" hits="30" branch="False" />
              </lines>
            </method>
          </methods>
          <lines>
            <line number="156" hits="14" branch="False" />
            <line number="157" hits="17" branch="False" />
            <line number="158" hits="14" branch="False" />
            <line number="159" hits="45" branch="False" />
            <line number="162" hits="16" branch="False" />
            <line number="163" hits="16" branch="False" />
            <line number="164" hits="16" branch="False" />
            <line number="165" hits="16" branch="False" />
            <line number="166" hits="16" branch="False" />
            <line number="167" hits="16" branch="False" />
            <line number="168" hits="16" branch="False" />
            <line number="155" hits="30" branch="False" />
          </lines>
        </class>
        <class name="umbral_backend.Web.Endpoints.TriviasEndpoints/TriviaQuizSummaryResponse" filename="Api/Endpoints/TriviasEndpoints.cs" line-rate="1" branch-rate="1" complexity="6">
          <methods>
            <method name="get_Id" signature="()" line-rate="1" branch-rate="1" complexity="1">
              <lines>
                <line number="172" hits="3" branch="False" />
              </lines>
            </method>
            <method name="get_Title" signature="()" line-rate="1" branch-rate="1" complexity="1">
              <lines>
                <line number="173" hits="3" branch="False" />
              </lines>
            </method>
            <method name="get_Description" signature="()" line-rate="1" branch-rate="1" complexity="1">
              <lines>
                <line number="174" hits="2" branch="False" />
              </lines>
            </method>
            <method name="get_Status" signature="()" line-rate="1" branch-rate="1" complexity="1">
              <lines>
                <line number="175" hits="6" branch="False" />
              </lines>
            </method>
            <method name="FromDto" signature="(umbral_backend.Application.Trivias.DTOs.TriviaQuizSummaryDto)" line-rate="1" branch-rate="1" complexity="1">
              <lines>
                <line number="178" hits="2" branch="False" />
                <line number="179" hits="2" branch="False" />
                <line number="180" hits="2" branch="False" />
                <line number="181" hits="2" branch="False" />
                <line number="182" hits="2" branch="False" />
                <line number="183" hits="2" branch="False" />
                <line number="184" hits="2" branch="False" />
              </lines>
            </method>
            <method name=".ctor" signature="(System.Int32,System.String,System.String,System.String)" line-rate="1" branch-rate="1" complexity="1">
              <lines>
                <line number="171" hits="3" branch="False" />
              </lines>
            </method>
          </methods>
          <lines>
            <line number="172" hits="3" branch="False" />
            <line number="173" hits="3" branch="False" />
            <line number="174" hits="2" branch="False" />
            <line number="175" hits="6" branch="False" />
            <line number="178" hits="2" branch="False" />
            <line number="179" hits="2" branch="False" />
            <line number="180" hits="2" branch="False" />
            <line number="181" hits="2" branch="False" />
            <line number="182" hits="2" branch="False" />
            <line number="183" hits="2" branch="False" />
            <line number="184" hits="2" branch="False" />
            <line number="171" hits="3" branch="False" />
          </lines>
        </class>
        <class name="umbral_backend.Web.Endpoints.TriviasEndpoints/&lt;&gt;c" filename="Api/Endpoints/TriviasEndpoints.cs" line-rate="1" branch-rate="1" complexity="2">
          <methods>
            <method name="&lt;CreateTriviaQuiz&gt;b__1_0" signature="(umbral_backend.Web.Endpoints.TriviasEndpoints/TriviaQuestionRequest)" line-rate="1" branch-rate="1" complexity="1">
              <lines>
                <line number="33" hits="5" branch="False" />
                <line number="34" hits="5" branch="False" />
                <line number="35" hits="5" branch="False" />
                <line number="36" hits="5" branch="False" />
                <line number="37" hits="5" branch="False" />
                <line number="38" hits="10" branch="False" />
                <line number="39" hits="10" branch="False" />
                <line number="40" hits="10" branch="False" />
                <line number="41" hits="10" branch="False" />
                <line number="42" hits="5" branch="False" />
              </lines>
            </method>
            <method name="&lt;UpdateTriviaQuiz&gt;b__4_0" signature="(umbral_backend.Web.Endpoints.TriviasEndpoints/TriviaQuestionRequest)" line-rate="1" branch-rate="1" complexity="1">
              <lines>
                <line number="82" hits="3" branch="False" />
                <line number="83" hits="3" branch="False" />
                <line number="84" hits="3" branch="False" />
                <line number="85" hits="3" branch="False" />
                <line number="86" hits="3" branch="False" />
                <line number="87" hits="6" branch="False" />
                <line number="88" hits="6" branch="False" />
                <line number="89" hits="6" branch="False" />
                <line number="90" hits="6" branch="False" />
                <line number="91" hits="3" branch="False" />
              </lines>
            </method>
          </methods>
          <lines>
            <line number="33" hits="5" branch="False" />
            <line number="34" hits="5" branch="False" />
            <line number="35" hits="5" branch="False" />
            <line number="36" hits="5" branch="False" />
            <line number="37" hits="5" branch="False" />
            <line number="38" hits="10" branch="False" />
            <line number="39" hits="10" branch="False" />
            <line number="40" hits="10" branch="False" />
            <line number="41" hits="10" branch="False" />
            <line number="42" hits="5" branch="False" />
            <line number="82" hits="3" branch="False" />
            <line number="83" hits="3" branch="False" />
            <line number="84" hits="3" branch="False" />
            <line number="85" hits="3" branch="False" />
            <line number="86" hits="3" branch="False" />
            <line number="87" hits="6" branch="False" />
            <line number="88" hits="6" branch="False" />
            <line number="89" hits="6" branch="False" />
            <line number="90" hits="6" branch="False" />
            <line number="91" hits="3" branch="False" />
          </lines>
        </class>
        <class name="umbral_backend.Web.Endpoints.TriviasEndpoints/&lt;CreateTriviaQuiz&gt;d__1" filename="Api/Endpoints/TriviasEndpoints.cs" line-rate="1" branch-rate="1" complexity="1">
          <methods>
            <method name="MoveNext" signature="()" line-rate="1" branch-rate="1" complexity="1">
              <lines>
                <line number="27" hits="5" branch="False" />
                <line number="28" hits="5" branch="False" />
                <line number="29" hits="5" branch="False" />
                <line number="30" hits="5" branch="False" />
                <line number="31" hits="5" branch="False" />
                <line number="32" hits="5" branch="False" />
                <line number="43" hits="5" branch="False" />
                <line number="44" hits="5" branch="False" />
                <line number="46" hits="4" branch="False" />
                <line number="47" hits="4" branch="False" />
              </lines>
            </method>
          </methods>
          <lines>
            <line number="27" hits="5" branch="False" />
            <line number="28" hits="5" branch="False" />
            <line number="29" hits="5" branch="False" />
            <line number="30" hits="5" branch="False" />
            <line number="31" hits="5" branch="False" />
            <line number="32" hits="5" branch="False" />
            <line number="43" hits="5" branch="False" />
            <line number="44" hits="5" branch="False" />
            <line number="46" hits="4" branch="False" />
            <line number="47" hits="4" branch="False" />
          </lines>
        </class>
        <class name="umbral_backend.Web.Endpoints.TriviasEndpoints/&lt;GetTriviaCatalog&gt;d__2" filename="Api/Endpoints/TriviasEndpoints.cs" line-rate="1" branch-rate="1" complexity="1">
          <methods>
            <method name="MoveNext" signature="()" line-rate="1" branch-rate="1" complexity="1">
              <lines>
                <line number="52" hits="1" branch="False" />
                <line number="53" hits="1" branch="False" />
                <line number="54" hits="1" branch="False" />
                <line number="55" hits="1" branch="False" />
                <line number="56" hits="1" branch="False" />
                <line number="58" hits="1" branch="False" />
                <line number="59" hits="1" branch="False" />
              </lines>
            </method>
          </methods>
          <lines>
            <line number="52" hits="1" branch="False" />
            <line number="53" hits="1" branch="False" />
            <line number="54" hits="1" branch="False" />
            <line number="55" hits="1" branch="False" />
            <line number="56" hits="1" branch="False" />
            <line number="58" hits="1" branch="False" />
            <line number="59" hits="1" branch="False" />
          </lines>
        </class>
        <class name="umbral_backend.Web.Endpoints.TriviasEndpoints/&lt;GetTriviaDetail&gt;d__3" filename="Api/Endpoints/TriviasEndpoints.cs" line-rate="1" branch-rate="1" complexity="1">
          <methods>
            <method name="MoveNext" signature="()" line-rate="1" branch-rate="1" complexity="1">
              <lines>
                <line number="65" hits="1" branch="False" />
                <line number="66" hits="1" branch="False" />
                <line number="67" hits="1" branch="False" />
                <line number="68" hits="1" branch="False" />
              </lines>
            </method>
          </methods>
          <lines>
            <line number="65" hits="1" branch="False" />
            <line number="66" hits="1" branch="False" />
            <line number="67" hits="1" branch="False" />
            <line number="68" hits="1" branch="False" />
          </lines>
        </class>
        <class name="umbral_backend.Web.Endpoints.TriviasEndpoints/&lt;UpdateTriviaQuiz&gt;d__4" filename="Api/Endpoints/TriviasEndpoints.cs" line-rate="1" branch-rate="1" complexity="1">
          <methods>
            <method name="MoveNext" signature="()" line-rate="1" branch-rate="1" complexity="1">
              <lines>
                <line number="75" hits="2" branch="False" />
                <line number="76" hits="2" branch="False" />
                <line number="77" hits="2" branch="False" />
                <line number="78" hits="2" branch="False" />
                <line number="79" hits="2" branch="False" />
                <line number="80" hits="2" branch="False" />
                <line number="81" hits="2" branch="False" />
                <line number="92" hits="2" branch="False" />
                <line number="93" hits="2" branch="False" />
                <line number="95" hits="1" branch="False" />
                <line number="96" hits="1" branch="False" />
              </lines>
            </method>
          </methods>
          <lines>
            <line number="75" hits="2" branch="False" />
            <line number="76" hits="2" branch="False" />
            <line number="77" hits="2" branch="False" />
            <line number="78" hits="2" branch="False" />
            <line number="79" hits="2" branch="False" />
            <line number="80" hits="2" branch="False" />
            <line number="81" hits="2" branch="False" />
            <line number="92" hits="2" branch="False" />
            <line number="93" hits="2" branch="False" />
            <line number="95" hits="1" branch="False" />
            <line number="96" hits="1" branch="False" />
          </lines>
        </class>
        <class name="Microsoft.Extensions.DependencyInjection.DependencyInjection" filename="Api/DependencyInjection.cs" line-rate="0.7619" branch-rate="0.5" complexity="3">
          <methods>
            <method name="AddWebServices" signature="(Microsoft.Extensions.Hosting.IHostApplicationBuilder)" line-rate="1" branch-rate="1" complexity="1">
              <lines>
                <line number="11" hits="12" branch="False" />
                <line number="12" hits="12" branch="False" />
                <line number="14" hits="12" branch="False" />
                <line number="15" hits="12" branch="False" />
                <line number="17" hits="12" branch="False" />
                <line number="19" hits="12" branch="False" />
                <line number="22" hits="12" branch="False" />
                <line number="23" hits="12" branch="False" />
                <line number="25" hits="12" branch="False" />
                <line number="27" hits="12" branch="False" />
                <line number="29" hits="12" branch="False" />
                <line number="30" hits="12" branch="False" />
              </lines>
            </method>
            <method name="AddKeyVaultIfConfigured" signature="(Microsoft.Extensions.Hosting.IHostApplicationBuilder)" line-rate="0.44439999999999996" branch-rate="0.5" complexity="2">
              <lines>
                <line number="33" hits="12" branch="False" />
                <line number="34" hits="12" branch="False" />
                <line number="35" hits="12" branch="True" condition-coverage="50% (1/2)">
                  <conditions>
                    <condition number="29" type="jump" coverage="50%" />
                  </conditions>
                </line>
                <line number="36" hits="0" branch="False" />
                <line number="37" hits="0" branch="False" />
                <line number="38" hits="0" branch="False" />
                <line number="39" hits="0" branch="False" />
                <line number="40" hits="0" branch="False" />
                <line number="41" hits="12" branch="False" />
              </lines>
            </method>
          </methods>
          <lines>
            <line number="11" hits="12" branch="False" />
            <line number="12" hits="12" branch="False" />
            <line number="14" hits="12" branch="False" />
            <line number="15" hits="12" branch="False" />
            <line number="17" hits="12" branch="False" />
            <line number="19" hits="12" branch="False" />
            <line number="22" hits="12" branch="False" />
            <line number="23" hits="12" branch="False" />
            <line number="25" hits="12" branch="False" />
            <line number="27" hits="12" branch="False" />
            <line number="29" hits="12" branch="False" />
            <line number="30" hits="12" branch="False" />
            <line number="33" hits="12" branch="False" />
            <line number="34" hits="12" branch="False" />
            <line number="35" hits="12" branch="True" condition-coverage="50% (1/2)">
              <conditions>
                <condition number="29" type="jump" coverage="50%" />
              </conditions>
            </line>
            <line number="36" hits="0" branch="False" />
            <line number="37" hits="0" branch="False" />
            <line number="38" hits="0" branch="False" />
            <line number="39" hits="0" branch="False" />
            <line number="40" hits="0" branch="False" />
            <line number="41" hits="12" branch="False" />
          </lines>
        </class>
      </classes>
    </package>
    <package name="umbral_backend.Domain" line-rate="0.9778" branch-rate="1" complexity="125">
      <classes>
        <class name="umbral_backend.Domain.ValueObjects.Difficulty" filename="Domain/ValueObjects/Difficulty.cs" line-rate="1" branch-rate="1" complexity="5">
          <methods>
            <method name="get_Value" signature="()" line-rate="1" branch-rate="1" complexity="1">
              <lines>
                <line number="17" hits="66" branch="False" />
              </lines>
            </method>
            <method name="Create" signature="(System.String)" line-rate="1" branch-rate="1" complexity="2">
              <lines>
                <line number="20" hits="39" branch="False" />
                <line number="21" hits="39" branch="True" condition-coverage="100% (2/2)">
                  <conditions>
                    <condition number="9" type="jump" coverage="100%" />
                  </conditions>
                </line>
                <line number="22" hits="2" branch="False" />
                <line number="23" hits="2" branch="False" />
                <line number="26" hits="37" branch="False" />
                <line number="27" hits="37" branch="False" />
              </lines>
            </method>
            <method name=".ctor" signature="()" line-rate="1" branch-rate="1" complexity="1">
              <lines>
                <line number="7" hits="7" branch="False" />
                <line number="8" hits="7" branch="False" />
                <line number="9" hits="7" branch="False" />
                <line number="10" hits="7" branch="False" />
              </lines>
            </method>
            <method name=".ctor" signature="(System.String)" line-rate="1" branch-rate="1" complexity="1">
              <lines>
                <line number="12" hits="37" branch="False" />
                <line number="13" hits="37" branch="False" />
                <line number="14" hits="37" branch="False" />
                <line number="15" hits="37" branch="False" />
              </lines>
            </method>
          </methods>
          <lines>
            <line number="17" hits="66" branch="False" />
            <line number="20" hits="39" branch="False" />
            <line number="21" hits="39" branch="True" condition-coverage="100% (2/2)">
              <conditions>
                <condition number="9" type="jump" coverage="100%" />
              </conditions>
            </line>
            <line number="22" hits="2" branch="False" />
            <line number="23" hits="2" branch="False" />
            <line number="26" hits="37" branch="False" />
            <line number="27" hits="37" branch="False" />
            <line number="7" hits="7" branch="False" />
            <line number="8" hits="7" branch="False" />
            <line number="9" hits="7" branch="False" />
            <line number="10" hits="7" branch="False" />
            <line number="12" hits="37" branch="False" />
            <line number="13" hits="37" branch="False" />
            <line number="14" hits="37" branch="False" />
            <line number="15" hits="37" branch="False" />
          </lines>
        </class>
        <class name="umbral_backend.Domain.ValueObjects.Difficulty/&lt;GetEqualityComponents&gt;d__7" filename="Domain/ValueObjects/Difficulty.cs" line-rate="1" branch-rate="1" complexity="1">
          <methods>
            <method name="MoveNext" signature="()" line-rate="1" branch-rate="1" complexity="1">
              <lines>
                <line number="30" hits="8" branch="False" />
                <line number="31" hits="8" branch="False" />
                <line number="32" hits="6" branch="False" />
              </lines>
            </method>
          </methods>
          <lines>
            <line number="30" hits="8" branch="False" />
            <line number="31" hits="8" branch="False" />
            <line number="32" hits="6" branch="False" />
          </lines>
        </class>
        <class name="umbral_backend.Domain.ValueObjects.MaximumTime" filename="Domain/ValueObjects/MaximumTime.cs" line-rate="1" branch-rate="1" complexity="5">
          <methods>
            <method name="get_Minutes" signature="()" line-rate="1" branch-rate="1" complexity="1">
              <lines>
                <line number="16" hits="59" branch="False" />
              </lines>
            </method>
            <method name="Create" signature="(System.Int32)" line-rate="1" branch-rate="1" complexity="2">
              <lines>
                <line number="19" hits="39" branch="False" />
                <line number="20" hits="39" branch="True" condition-coverage="100% (2/2)">
                  <conditions>
                    <condition number="10" type="jump" coverage="100%" />
                  </conditions>
                </line>
                <line number="21" hits="2" branch="False" />
                <line number="22" hits="2" branch="False" />
                <line number="25" hits="37" branch="False" />
                <line number="26" hits="37" branch="False" />
              </lines>
            </method>
            <method name=".ctor" signature="()" line-rate="1" branch-rate="1" complexity="1">
              <lines>
                <line number="7" hits="7" branch="False" />
                <line number="8" hits="7" branch="False" />
                <line number="9" hits="7" branch="False" />
              </lines>
            </method>
            <method name=".ctor" signature="(System.Int32)" line-rate="1" branch-rate="1" complexity="1">
              <lines>
                <line number="11" hits="37" branch="False" />
                <line number="12" hits="37" branch="False" />
                <line number="13" hits="37" branch="False" />
                <line number="14" hits="37" branch="False" />
              </lines>
            </method>
          </methods>
          <lines>
            <line number="16" hits="59" branch="False" />
            <line number="19" hits="39" branch="False" />
            <line number="20" hits="39" branch="True" condition-coverage="100% (2/2)">
              <conditions>
                <condition number="10" type="jump" coverage="100%" />
              </conditions>
            </line>
            <line number="21" hits="2" branch="False" />
            <line number="22" hits="2" branch="False" />
            <line number="25" hits="37" branch="False" />
            <line number="26" hits="37" branch="False" />
            <line number="7" hits="7" branch="False" />
            <line number="8" hits="7" branch="False" />
            <line number="9" hits="7" branch="False" />
            <line number="11" hits="37" branch="False" />
            <line number="12" hits="37" branch="False" />
            <line number="13" hits="37" branch="False" />
            <line number="14" hits="37" branch="False" />
          </lines>
        </class>
[...]
              <conditions>
                <condition number="381" type="jump" coverage="100%" />
              </conditions>
            </line>
            <line number="47" hits="17" branch="False" />
            <line number="48" hits="17" branch="False" />
            <line number="49" hits="17" branch="False" />
            <line number="51" hits="2" branch="False" />
            <line number="52" hits="19" branch="False" />
            <line number="55" hits="19" branch="True" condition-coverage="100% (2/2)">
              <conditions>
                <condition number="512" type="jump" coverage="100%" />
              </conditions>
            </line>
            <line number="56" hits="2" branch="False" />
            <line number="57" hits="2" branch="False" />
            <line number="59" hits="17" branch="False" />
            <line number="63" hits="20" branch="True" condition-coverage="100% (2/2)">
              <conditions>
                <condition number="585" type="jump" coverage="100%" />
              </conditions>
            </line>
            <line number="64" hits="2" branch="False" />
            <line number="66" hits="2" branch="False" />
            <line number="67" hits="2" branch="False" />
            <line number="69" hits="2" branch="True" condition-coverage="100% (2/2)">
              <conditions>
                <condition number="838" type="jump" coverage="100%" />
              </conditions>
            </line>
            <line number="70" hits="1" branch="False" />
            <line number="71" hits="1" branch="False" />
            <line number="73" hits="1" branch="False" />
            <line number="74" hits="1" branch="False" />
            <line number="75" hits="19" branch="False" />
            <line number="78" hits="24" branch="False" />
            <line number="79" hits="19" branch="False" />
          </lines>
        </class>
        <class name="umbral_backend.Application.Common.Behaviours.LoggingBehaviour`1" filename="Application/Common/Behaviours/LoggingBehaviour.cs" line-rate="1" branch-rate="1" complexity="1">
          <methods>
            <method name=".ctor" signature="(Microsoft.Extensions.Logging.ILogger`1&lt;TRequest&gt;,umbral_backend.Application.Common.Interfaces.ICurrentUser,umbral_backend.Application.Common.Interfaces.IIdentityService)" line-rate="1" branch-rate="1" complexity="1">
              <lines>
                <line number="14" hits="23" branch="False" />
                <line number="15" hits="23" branch="False" />
                <line number="16" hits="23" branch="False" />
                <line number="17" hits="23" branch="False" />
                <line number="18" hits="23" branch="False" />
                <line number="19" hits="23" branch="False" />
              </lines>
            </method>
          </methods>
          <lines>
            <line number="14" hits="23" branch="False" />
            <line number="15" hits="23" branch="False" />
            <line number="16" hits="23" branch="False" />
            <line number="17" hits="23" branch="False" />
            <line number="18" hits="23" branch="False" />
            <line number="19" hits="23" branch="False" />
          </lines>
        </class>
        <class name="umbral_backend.Application.Common.Behaviours.LoggingBehaviour`1/&lt;Process&gt;d__4" filename="Application/Common/Behaviours/LoggingBehaviour.cs" line-rate="1" branch-rate="1" complexity="4">
          <methods>
            <method name="MoveNext" signature="()" line-rate="1" branch-rate="1" complexity="4">
              <lines>
                <line number="22" hits="23" branch="False" />
                <line number="23" hits="23" branch="False" />
                <line number="24" hits="23" branch="True" condition-coverage="100% (2/2)">
                  <conditions>
                    <condition number="57" type="jump" coverage="100%" />
                  </conditions>
                </line>
                <line number="25" hits="23" branch="False" />
                <line number="27" hits="23" branch="True" condition-coverage="100% (2/2)">
                  <conditions>
                    <condition number="97" type="jump" coverage="100%" />
                  </conditions>
                </line>
                <line number="28" hits="22" branch="False" />
                <line number="29" hits="22" branch="False" />
                <line number="30" hits="22" branch="False" />
                <line number="32" hits="23" branch="False" />
                <line number="33" hits="23" branch="False" />
                <line number="34" hits="23" branch="False" />
              </lines>
            </method>
          </methods>
          <lines>
            <line number="22" hits="23" branch="False" />
            <line number="23" hits="23" branch="False" />
            <line number="24" hits="23" branch="True" condition-coverage="100% (2/2)">
              <conditions>
                <condition number="57" type="jump" coverage="100%" />
              </conditions>
            </line>
            <line number="25" hits="23" branch="False" />
            <line number="27" hits="23" branch="True" condition-coverage="100% (2/2)">
              <conditions>
                <condition number="97" type="jump" coverage="100%" />
              </conditions>
            </line>
            <line number="28" hits="22" branch="False" />
            <line number="29" hits="22" branch="False" />
            <line number="30" hits="22" branch="False" />
            <line number="32" hits="23" branch="False" />
            <line number="33" hits="23" branch="False" />
            <line number="34" hits="23" branch="False" />
          </lines>
        </class>
        <class name="umbral_backend.Application.Common.Behaviours.PerformanceBehaviour`2" filename="Application/Common/Behaviours/PerformanceBehaviour.cs" line-rate="1" branch-rate="1" complexity="1">
          <methods>
            <method name=".ctor" signature="(Microsoft.Extensions.Logging.ILogger`1&lt;TRequest&gt;,umbral_backend.Application.Common.Interfaces.ICurrentUser,umbral_backend.Application.Common.Interfaces.IIdentityService)" line-rate="1" branch-rate="1" complexity="1">
              <lines>
                <line number="15" hits="22" branch="False" />
                <line number="16" hits="22" branch="False" />
                <line number="17" hits="22" branch="False" />
                <line number="18" hits="22" branch="False" />
                <line number="19" hits="22" branch="False" />
                <line number="20" hits="22" branch="False" />
                <line number="22" hits="22" branch="False" />
                <line number="23" hits="22" branch="False" />
                <line number="24" hits="22" branch="False" />
                <line number="25" hits="22" branch="False" />
              </lines>
            </method>
          </methods>
          <lines>
            <line number="15" hits="22" branch="False" />
            <line number="16" hits="22" branch="False" />
            <line number="17" hits="22" branch="False" />
            <line number="18" hits="22" branch="False" />
            <line number="19" hits="22" branch="False" />
            <line number="20" hits="22" branch="False" />
            <line number="22" hits="22" branch="False" />
            <line number="23" hits="22" branch="False" />
            <line number="24" hits="22" branch="False" />
            <line number="25" hits="22" branch="False" />
          </lines>
        </class>
        <class name="umbral_backend.Application.Common.Behaviours.PerformanceBehaviour`2/&lt;Handle&gt;d__5" filename="Application/Common/Behaviours/PerformanceBehaviour.cs" line-rate="0.42100000000000004" branch-rate="0.1666" complexity="6">
          <methods>
            <method name="MoveNext" signature="()" line-rate="0.42100000000000004" branch-rate="0.1666" complexity="6">
              <lines>
                <line number="28" hits="19" branch="False" />
                <line number="29" hits="19" branch="False" />
                <line number="31" hits="19" branch="False" />
                <line number="33" hits="16" branch="False" />
                <line number="35" hits="16" branch="False" />
                <line number="37" hits="16" branch="True" condition-coverage="50% (1/2)">
                  <conditions>
                    <condition number="230" type="jump" coverage="50%" />
                  </conditions>
                </line>
                <line number="38" hits="0" branch="False" />
                <line number="39" hits="0" branch="False" />
                <line number="40" hits="0" branch="True" condition-coverage="0% (0/2)">
                  <conditions>
                    <condition number="275" type="jump" coverage="0%" />
                  </conditions>
                </line>
                <line number="41" hits="0" branch="False" />
                <line number="43" hits="0" branch="True" condition-coverage="0% (0/2)">
                  <conditions>
                    <condition number="317" type="jump" coverage="0%" />
                  </conditions>
                </line>
                <line number="44" hits="0" branch="False" />
                <line number="45" hits="0" branch="False" />
                <line number="46" hits="0" branch="False" />
                <line number="48" hits="0" branch="False" />
                <line number="49" hits="0" branch="False" />
                <line number="50" hits="0" branch="False" />
                <line number="52" hits="16" branch="False" />
                <line number="53" hits="16" branch="False" />
              </lines>
            </method>
          </methods>
          <lines>
            <line number="28" hits="19" branch="False" />
            <line number="29" hits="19" branch="False" />
            <line number="31" hits="19" branch="False" />
            <line number="33" hits="16" branch="False" />
            <line number="35" hits="16" branch="False" />
            <line number="37" hits="16" branch="True" condition-coverage="50% (1/2)">
              <conditions>
                <condition number="230" type="jump" coverage="50%" />
              </conditions>
            </line>
            <line number="38" hits="0" branch="False" />
            <line number="39" hits="0" branch="False" />
            <line number="40" hits="0" branch="True" condition-coverage="0% (0/2)">
              <conditions>
                <condition number="275" type="jump" coverage="0%" />
              </conditions>
            </line>
            <line number="41" hits="0" branch="False" />
            <line number="43" hits="0" branch="True" condition-coverage="0% (0/2)">
              <conditions>
                <condition number="317" type="jump" coverage="0%" />
              </conditions>
            </line>
            <line number="44" hits="0" branch="False" />
            <line number="45" hits="0" branch="False" />
            <line number="46" hits="0" branch="False" />
            <line number="48" hits="0" branch="False" />
            <line number="49" hits="0" branch="False" />
            <line number="50" hits="0" branch="False" />
            <line number="52" hits="16" branch="False" />
            <line number="53" hits="16" branch="False" />
          </lines>
        </class>
        <class name="umbral_backend.Application.Common.Behaviours.UnhandledExceptionBehaviour`2" filename="Application/Common/Behaviours/UnhandledExceptionBehaviour.cs" line-rate="1" branch-rate="1" complexity="1">
          <methods>
            <method name=".ctor" signature="(Microsoft.Extensions.Logging.ILogger`1&lt;TRequest&gt;)" line-rate="1" branch-rate="1" complexity="1">
              <lines>
                <line number="10" hits="23" branch="False" />
                <line number="11" hits="23" branch="False" />
                <line number="12" hits="23" branch="False" />
                <line number="13" hits="23" branch="False" />
              </lines>
            </method>
          </methods>
          <lines>
            <line number="10" hits="23" branch="False" />
            <line number="11" hits="23" branch="False" />
            <line number="12" hits="23" branch="False" />
            <line number="13" hits="23" branch="False" />
          </lines>
        </class>
        <class name="umbral_backend.Application.Common.Behaviours.UnhandledExceptionBehaviour`2/&lt;Handle&gt;d__2" filename="Application/Common/Behaviours/UnhandledExceptionBehaviour.cs" line-rate="1" branch-rate="1" complexity="1">
          <methods>
            <method name="MoveNext" signature="()" line-rate="1" branch-rate="1" complexity="1">
              <lines>
                <line number="16" hits="23" branch="False" />
                <line number="18" hits="23" branch="False" />
                <line number="19" hits="23" branch="False" />
                <line number="21" hits="7" branch="False" />
                <line number="22" hits="7" branch="False" />
                <line number="23" hits="7" branch="False" />
                <line number="25" hits="7" branch="False" />
                <line number="27" hits="7" branch="False" />
                <line number="29" hits="16" branch="False" />
              </lines>
            </method>
          </methods>
          <lines>
            <line number="16" hits="23" branch="False" />
            <line number="18" hits="23" branch="False" />
            <line number="19" hits="23" branch="False" />
            <line number="21" hits="7" branch="False" />
            <line number="22" hits="7" branch="False" />
            <line number="23" hits="7" branch="False" />
            <line number="25" hits="7" branch="False" />
            <line number="27" hits="7" branch="False" />
            <line number="29" hits="16" branch="False" />
          </lines>
        </class>
        <class name="umbral_backend.Application.Common.Behaviours.ValidationBehaviour`2" filename="Application/Common/Behaviours/ValidationBehaviour.cs" line-rate="1" branch-rate="1" complexity="1">
          <methods>
            <method name=".ctor" signature="(System.Collections.Generic.IEnumerable`1&lt;FluentValidation.IValidator`1&lt;TRequest&gt;&gt;)" line-rate="1" branch-rate="1" complexity="1">
              <lines>
                <line number="10" hits="24" branch="False" />
                <line number="11" hits="24" branch="False" />
                <line number="12" hits="24" branch="False" />
                <line number="13" hits="24" branch="False" />
              </lines>
            </method>
          </methods>
          <lines>
            <line number="10" hits="24" branch="False" />
            <line number="11" hits="24" branch="False" />
            <line number="12" hits="24" branch="False" />
            <line number="13" hits="24" branch="False" />
          </lines>
        </class>
        <class name="umbral_backend.Application.Common.Behaviours.ValidationBehaviour`2/&lt;&gt;c" filename="Application/Common/Behaviours/ValidationBehaviour.cs" line-rate="1" branch-rate="1" complexity="2">
          <methods>
            <method name="&lt;Handle&gt;b__2_0" signature="(FluentValidation.Results.ValidationResult)" line-rate="1" branch-rate="1" complexity="1">
              <lines>
                <line number="24" hits="20" branch="False" />
              </lines>
            </method>
            <method name="&lt;Handle&gt;b__2_1" signature="(FluentValidation.Results.ValidationResult)" line-rate="1" branch-rate="1" complexity="1">
              <lines>
                <line number="25" hits="3" branch="False" />
              </lines>
            </method>
          </methods>
          <lines>
            <line number="24" hits="20" branch="False" />
            <line number="25" hits="3" branch="False" />
          </lines>
        </class>
        <class name="umbral_backend.Application.Common.Behaviours.ValidationBehaviour`2/&lt;&gt;c__DisplayClass2_0" filename="Application/Common/Behaviours/ValidationBehaviour.cs" line-rate="1" branch-rate="1" complexity="1">
          <methods>
            <method name="&lt;Handle&gt;b__2" signature="(FluentValidation.IValidator`1&lt;TRequest&gt;)" line-rate="1" branch-rate="1" complexity="1">
              <lines>
                <line number="21" hits="40" branch="False" />
              </lines>
            </method>
          </methods>
          <lines>
            <line number="21" hits="40" branch="False" />
          </lines>
        </class>
        <class name="umbral_backend.Application.Common.Behaviours.ValidationBehaviour`2/&lt;Handle&gt;d__2" filename="Application/Common/Behaviours/ValidationBehaviour.cs" line-rate="1" branch-rate="1" complexity="8">
          <methods>
            <method name="MoveNext" signature="()" line-rate="1" branch-rate="1" complexity="8">
              <lines>
                <line number="16" hits="23" branch="False" />
                <line number="17" hits="23" branch="True" condition-coverage="100% (2/2)">
                  <conditions>
                    <condition number="92" type="jump" coverage="100%" />
                  </conditions>
                </line>
                <line number="18" hits="20" branch="False" />
                <line number="19" hits="20" branch="False" />
                <line number="20" hits="20" branch="False" />
                <line number="23" hits="20" branch="True" condition-coverage="100% (4/4)">
                  <conditions>
                    <condition number="264" type="jump" coverage="100%" />
                    <condition number="300" type="jump" coverage="100%" />
                  </conditions>
                </line>
                <line number="26" hits="20" branch="False" />
                <line number="28" hits="20" branch="True" condition-coverage="100% (2/2)">
                  <conditions>
                    <condition number="358" type="jump" coverage="100%" />
                  </conditions>
                </line>
                <line number="29" hits="3" branch="False" />
                <line number="30" hits="17" branch="False" />
                <line number="32" hits="20" branch="False" />
                <line number="33" hits="17" branch="False" />
              </lines>
            </method>
          </methods>
          <lines>
            <line number="16" hits="23" branch="False" />
            <line number="17" hits="23" branch="True" condition-coverage="100% (2/2)">
              <conditions>
                <condition number="92" type="jump" coverage="100%" />
              </conditions>
            </line>
            <line number="18" hits="20" branch="False" />
            <line number="19" hits="20" branch="False" />
            <line number="20" hits="20" branch="False" />
            <line number="23" hits="20" branch="True" condition-coverage="100% (4/4)">
              <conditions>
                <condition number="264" type="jump" coverage="100%" />
                <condition number="300" type="jump" coverage="100%" />
              </conditions>
            </line>
            <line number="26" hits="20" branch="False" />
            <line number="28" hits="20" branch="True" condition-coverage="100% (2/2)">
              <conditions>
                <condition number="358" type="jump" coverage="100%" />
              </conditions>
            </line>
            <line number="29" hits="3" branch="False" />
            <line number="30" hits="17" branch="False" />
            <line number="32" hits="20" branch="False" />
            <line number="33" hits="17" branch="False" />
          </lines>
        </class>
      </classes>
    </package>
  </packages>
</coverage>